<?xml version="1.0" encoding="UTF-8"?>
<testng-results skipped="0" failed="0" ignored="0" total="1" passed="1">
  <reporter-output>
  </reporter-output>
  <suite name="Default suite" duration-ms="69821" started-at="2020-01-23T08:47:22Z" finished-at="2020-01-23T08:48:32Z">
    <groups>
    </groups>
    <test name="Default test" duration-ms="69821" started-at="2020-01-23T08:47:22Z" finished-at="2020-01-23T08:48:32Z">
      <class name="scripts.Mahindra">
        <test-method status="PASS" signature="open()[pri:0, instance:scripts.Mahindra@d2cc05a]" name="open" is-config="true" duration-ms="37278" started-at="2020-01-23T14:17:22Z" finished-at="2020-01-23T14:18:00Z">
          <reporter-output>
          </reporter-output>
        </test-method> <!-- open -->
        <test-method status="PASS" signature="test()[pri:0, instance:scripts.Mahindra@d2cc05a]" name="test" duration-ms="32512" started-at="2020-01-23T14:18:00Z" finished-at="2020-01-23T14:18:32Z">
          <reporter-output>
          </reporter-output>
        </test-method> <!-- test -->
      </class> <!-- scripts.Mahindra -->
    </test> <!-- Default test -->
  </suite> <!-- Default suite -->
</testng-results>
